<?xml version="1.0" encoding="UTF-8"?>
<!-- Generated by org.testng.reporters.JUnitXMLReporter -->
<testsuite hostname="DESKTOP-TUQODEK" ignored="1" name="Test" tests="8" failures="0" timestamp="07 Apr 2021 16:35:45 GMT" time="0.636" errors="0">
  <testcase name="tc111" time="0.105" classname="org.sel.Group3"/>
  <testcase name="tc222" time="0.017" classname="org.sel.Group3"/>
  <testcase name="tc333" time="0.016" classname="org.sel.Group3"/>
  <testcase name="tc11" time="0.019" classname="org.sel.Group2"/>
  <testcase name="tc22" time="0.032" classname="org.sel.Group2"/>
  <testcase name="tc33" time="0.016" classname="org.sel.Group2"/>
  <testcase name="tc2" time="0.004" classname="org.sel.Group"/>
  <testcase name="tc3" time="0.022" classname="org.sel.Group"/>
  <testcase name="tc1" time="0.0" classname="org.sel.Group">
    <ignored/>
  </testcase> <!-- tc1 -->
</testsuite> <!-- Test -->
